  main.cpp
D:\Software-Engineering\031902415\1st_personal_programming\source_code\Sensitive_words_detection\main.cpp(42,21): warning C4129: “S”: 不可识别的字符转义序列
D:\Software-Engineering\031902415\1st_personal_programming\source_code\Sensitive_words_detection\main.cpp(42,21): warning C4129: “e”: 不可识别的字符转义序列
D:\Software-Engineering\031902415\1st_personal_programming\source_code\Sensitive_words_detection\main.cpp(42,21): warning C4129: “w”: 不可识别的字符转义序列
D:\Software-Engineering\031902415\1st_personal_programming\source_code\Sensitive_words_detection\main.cpp(43,19): warning C4129: “S”: 不可识别的字符转义序列
D:\Software-Engineering\031902415\1st_personal_programming\source_code\Sensitive_words_detection\main.cpp(43,19): warning C4129: “e”: 不可识别的字符转义序列
D:\Software-Engineering\031902415\1st_personal_programming\source_code\Sensitive_words_detection\main.cpp(43,19): warning C4129: “o”: 不可识别的字符转义序列
D:\Software-Engineering\031902415\1st_personal_programming\source_code\Sensitive_words_detection\main.cpp(44,20): warning C4129: “S”: 不可识别的字符转义序列
D:\Software-Engineering\031902415\1st_personal_programming\source_code\Sensitive_words_detection\main.cpp(44,20): warning C4129: “e”: 不可识别的字符转义序列
  test_field.cpp
D:\Software-Engineering\031902415\1st_personal_programming\source_code\Sensitive_words_detection\test_field.cpp(17,23): warning C4018: “<”: 有符号/无符号不匹配
D:\Software-Engineering\031902415\1st_personal_programming\source_code\Sensitive_words_detection\test_field.cpp(44,27): warning C4018: “<”: 有符号/无符号不匹配
D:\Software-Engineering\031902415\1st_personal_programming\source_code\Sensitive_words_detection\test_field.cpp(4635,22): warning C4834: 放弃具有 "nodiscard" 属性的函数的返回值
D:\Program Files (x86)\Microsoft Visual Studio\2019\Visual Studio IDE\MSBuild\Microsoft\VC\v160\Microsoft.CppBuild.targets(1363,5): warning MSB8012: TargetPath(D:\Software-Engineering\031902415\1st_personal_programming\source_code\Sensitive_words_detection\Release\Sensitive_words_detection.exe) 与 Linker 的 OutputFile 属性值(D:\Software-Engineering\031902415\1st_personal_programming\source_code\Sensitive_words_detection\Release\main.exe)不匹配。这可能导致项目生成不正确。若要更正此问题，请确保 $(OutDir)、$(TargetName) 和 $(TargetExt) 属性值与 %(Link.OutputFile) 中指定的值匹配。
D:\Program Files (x86)\Microsoft Visual Studio\2019\Visual Studio IDE\MSBuild\Microsoft\VC\v160\Microsoft.CppBuild.targets(1365,5): warning MSB8012: TargetName(Sensitive_words_detection) 与 Linker 的 OutputFile 属性值(main)不匹配。这可能导致项目生成不正确。若要更正此问题，请确保 $(OutDir)、$(TargetName) 和 $(TargetExt) 属性值与 %(Link.OutputFile) 中指定的值匹配。
  正在生成代码
  Previous IPDB not found, fall back to full compilation.
  All 413 functions were compiled because no usable IPDB/IOBJ from previous compilation was found.
  已完成代码的生成
  Sensitive_words_detection.vcxproj -> D:\Software-Engineering\031902415\1st_personal_programming\source_code\Sensitive_words_detection\Release\Sensitive_words_detection.exe
